<?xml version="1.0" encoding="UTF-8"?>
<!-- Generated by org.testng.reporters.JUnitXMLReporter -->
<testsuite ignored="0" hostname="LAPTOP-OFCSML2Q" failures="0" tests="5" name="master" time="42.184" errors="0" timestamp="2025-08-31T21:23:24 IST">
  <testcase classname="testCases.TC_003_LoginDDT" name="testLoginDDT" time="1.754"/>
  <testcase classname="testCases.TC_003_LoginDDT" name="testLoginDDT" time="10.763"/>
  <testcase classname="testCases.TC_003_LoginDDT" name="testLoginDDT" time="1.883"/>
  <testcase classname="testCases.TC_003_LoginDDT" name="testLoginDDT" time="11.591"/>
  <testcase classname="testCases.TC_003_LoginDDT" name="testLoginDDT" time="11.115"/>
</testsuite> <!-- master -->
