<?xml version="1.0" encoding="UTF-8"?>
<!-- Generated by org.testng.reporters.JUnitXMLReporter -->
<testsuite ignored="1" hostname="LAPTOP-OFCSML2Q" failures="0" tests="1" name="Test" time="4.786" errors="0" timestamp="2025-10-04T13:46:57 IST">
  <testcase classname="testCases.TC_002_LoginTest" name="testLogin" time="1.254"/>
  <testcase classname="testCases.TC_001_AccountRegistrationTest" name="test_AccountRegistration" time="0.0">
    <ignored/>
  </testcase> <!-- test_AccountRegistration -->
</testsuite> <!-- Test -->
