<?xml version="1.0" encoding="UTF-8"?>
<testng-results ignored="1" total="2" passed="1" failed="0" skipped="0">
  <reporter-output>
  </reporter-output>
  <suite started-at="2025-09-06T20:44:09 IST" name="Suite" finished-at="2025-09-06T20:44:13 IST" duration-ms="3626">
    <groups>
      <group name="Master">
        <method signature="TC_002_LoginTest.testLogin()[pri:0, instance:testCases.TC_002_LoginTest@45c7e403]" name="testLogin" class="testCases.TC_002_LoginTest"/>
      </group> <!-- Master -->
      <group name="Sanity">
        <method signature="TC_002_LoginTest.testLogin()[pri:0, instance:testCases.TC_002_LoginTest@45c7e403]" name="testLogin" class="testCases.TC_002_LoginTest"/>
      </group> <!-- Sanity -->
    </groups>
    <test started-at="2025-09-06T20:44:09 IST" name="Test" finished-at="2025-09-06T20:44:13 IST" duration-ms="3626">
      <class name="testCases.TC_002_LoginTest">
        <test-method is-config="true" signature="setup(java.lang.String,java.lang.String)[pri:0, instance:testCases.TC_002_LoginTest@45c7e403]" started-at="2025-09-06T20:44:10 IST" name="setup" finished-at="2025-09-06T20:44:12 IST" duration-ms="2214" status="PASS">
          <params>
            <param index="0">
              <value>
                <![CDATA[Windows]]>
              </value>
            </param>
            <param index="1">
              <value>
                <![CDATA[Chrome]]>
              </value>
            </param>
          </params>
          <reporter-output>
          </reporter-output>
        </test-method> <!-- setup -->
        <test-method signature="testLogin()[pri:0, instance:testCases.TC_002_LoginTest@45c7e403]" started-at="2025-09-06T20:44:12 IST" name="testLogin" finished-at="2025-09-06T20:44:13 IST" duration-ms="1085" status="PASS">
          <reporter-output>
          </reporter-output>
        </test-method> <!-- testLogin -->
        <test-method is-config="true" signature="teardown()[pri:0, instance:testCases.TC_002_LoginTest@45c7e403]" started-at="2025-09-06T20:44:13 IST" name="teardown" finished-at="2025-09-06T20:44:13 IST" duration-ms="154" status="PASS">
          <reporter-output>
          </reporter-output>
        </test-method> <!-- teardown -->
      </class> <!-- testCases.TC_002_LoginTest -->
    </test> <!-- Test -->
  </suite> <!-- Suite -->
</testng-results>
